[0523/135212:WARNING:resource_bundle.cc(304)] locale_file_path.empty()
[0523/135212:ERROR:main_delegate.cc(564)] Could not load locale pak for en-US
[0523/135212:ERROR:main_delegate.cc(571)] Could not load cef.pak
[0523/135212:ERROR:main_delegate.cc(588)] Could not load cef_100_percent.pak
[0523/135212:WARNING:resource_bundle.cc(304)] locale_file_path.empty()
[0523/135212:ERROR:main_delegate.cc(564)] Could not load locale pak for en-US
[0523/135212:ERROR:main_delegate.cc(571)] Could not load cef.pak
[0523/135212:ERROR:main_delegate.cc(588)] Could not load cef_100_percent.pak
[0523/135212:WARNING:resource_bundle.cc(304)] locale_file_path.empty()
[0523/135212:ERROR:main_delegate.cc(564)] Could not load locale pak for en-US
[0523/135212:ERROR:main_delegate.cc(571)] Could not load cef.pak
[0523/135212:ERROR:main_delegate.cc(588)] Could not load cef_100_percent.pak
[0523/135213:WARNING:resource_bundle.cc(497)] locale resources are not loaded
[0523/135213:WARNING:resource_bundle.cc(497)] locale resources are not loaded
[0523/135213:WARNING:resource_bundle.cc(497)] locale resources are not loaded
[0523/135217:WARNING:resource_bundle.cc(304)] locale_file_path.empty()
[0523/135217:ERROR:main_delegate.cc(564)] Could not load locale pak for en-US
[0523/135217:ERROR:main_delegate.cc(571)] Could not load cef.pak
[0523/135217:ERROR:main_delegate.cc(588)] Could not load cef_100_percent.pak
[0523/135217:WARNING:resource_bundle.cc(304)] locale_file_path.empty()
[0523/135217:ERROR:main_delegate.cc(564)] Could not load locale pak for en-US
[0523/135217:ERROR:main_delegate.cc(571)] Could not load cef.pak
[0523/135217:ERROR:main_delegate.cc(588)] Could not load cef_100_percent.pak
[0523/135217:WARNING:resource_bundle.cc(304)] locale_file_path.empty()
[0523/135217:ERROR:main_delegate.cc(564)] Could not load locale pak for en-US
[0523/135217:ERROR:main_delegate.cc(571)] Could not load cef.pak
[0523/135217:ERROR:main_delegate.cc(588)] Could not load cef_100_percent.pak
[0523/135246:WARNING:resource_bundle.cc(304)] locale_file_path.empty()
[0523/135246:ERROR:main_delegate.cc(564)] Could not load locale pak for en-US
[0523/135246:ERROR:main_delegate.cc(571)] Could not load cef.pak
[0523/135246:ERROR:main_delegate.cc(588)] Could not load cef_100_percent.pak
[0523/135246:WARNING:resource_bundle.cc(497)] locale resources are not loaded
[0523/135246:WARNING:resource_bundle.cc(304)] locale_file_path.empty()
[0523/135246:ERROR:main_delegate.cc(564)] Could not load locale pak for en-US
[0523/135246:ERROR:main_delegate.cc(571)] Could not load cef.pak
[0523/135246:ERROR:main_delegate.cc(588)] Could not load cef_100_percent.pak
[0523/135247:WARNING:resource_bundle.cc(304)] locale_file_path.empty()
[0523/135247:ERROR:main_delegate.cc(564)] Could not load locale pak for en-US
[0523/135247:ERROR:main_delegate.cc(571)] Could not load cef.pak
[0523/135247:ERROR:main_delegate.cc(588)] Could not load cef_100_percent.pak
[0523/135247:WARNING:resource_bundle.cc(497)] locale resources are not loaded
[0523/135248:WARNING:resource_bundle.cc(304)] locale_file_path.empty()
[0523/135248:ERROR:main_delegate.cc(564)] Could not load locale pak for en-US
[0523/135248:ERROR:main_delegate.cc(571)] Could not load cef.pak
[0523/135248:ERROR:main_delegate.cc(588)] Could not load cef_100_percent.pak
[0523/135311:WARNING:resource_bundle.cc(304)] locale_file_path.empty()
[0523/135311:ERROR:main_delegate.cc(564)] Could not load locale pak for en-US
[0523/135311:ERROR:main_delegate.cc(571)] Could not load cef.pak
[0523/135311:ERROR:main_delegate.cc(588)] Could not load cef_100_percent.pak
[0523/135311:WARNING:resource_bundle.cc(497)] locale resources are not loaded
[0523/135312:WARNING:resource_bundle.cc(304)] locale_file_path.empty()
[0523/135312:ERROR:main_delegate.cc(564)] Could not load locale pak for en-US
[0523/135312:ERROR:main_delegate.cc(571)] Could not load cef.pak
[0523/135312:ERROR:main_delegate.cc(588)] Could not load cef_100_percent.pak
